<?xml version="1.0" encoding="UTF-8"?>
<!-- Generated by org.testng.reporters.JUnitXMLReporter -->
<testsuite ignored="16" hostname="DESKTOP-E9SKAKK" failures="1" tests="2" name="Test" time="43.697" errors="0" timestamp="2023-05-23T13:07:33 IST">
  <testcase classname="com.master_module.MasterModuleTestScripts" name="verifyNavigateFunctionalityInChargeTypeCard" time="10.232">
    <failure type="java.lang.AssertionError" message="expected [Admin Card] but found [Admin Car]">
      <![CDATA[java.lang.AssertionError: expected [Admin Card] but found [Admin Car]
at com.master_module.MasterModuleTestScripts.verifyNavigateFunctionalityInChargeTypeCard(MasterModuleTestScripts.java:346)
at java.base/java.util.ArrayList.forEach(ArrayList.java:1511)
... Removed 33 stack frames]]>
    </failure>
  </testcase> <!-- verifyNavigateFunctionalityInChargeTypeCard -->
  <testcase classname="com.master_module.MasterModuleTestScripts" name="verifyChargeUnitCreateViewExportAsEditFilter" time="27.036"/>
  <testcase classname="com.master_module.MasterModuleTestScripts" name="verifyNavigateFunctionalityInCustomer" time="0.0">
    <ignored/>
  </testcase> <!-- verifyNavigateFunctionalityInCustomer -->
  <testcase classname="com.master_module.MasterModuleTestScripts" name="verifyNavigateFunctionalityInChargeUnitCard" time="0.0">
    <ignored/>
  </testcase> <!-- verifyNavigateFunctionalityInChargeUnitCard -->
  <testcase classname="com.master_module.MasterModuleTestScripts" name="verifyCustomerCreate" time="0.0">
    <ignored/>
  </testcase> <!-- verifyCustomerCreate -->
  <testcase classname="com.master_module.MasterModuleTestScripts" name="verifyTaxSubTypeCreateViewExportAsEditFilter" time="0.0">
    <ignored/>
  </testcase> <!-- verifyTaxSubTypeCreateViewExportAsEditFilter -->
  <testcase classname="com.master_module.MasterModuleTestScripts" name="verifyNavigateFunctionalityInBranches" time="0.0">
    <ignored/>
  </testcase> <!-- verifyNavigateFunctionalityInBranches -->
  <testcase classname="com.master_module.MasterModuleTestScripts" name="verifyAirlineCreateViewExportAsEditFilter" time="0.0">
    <ignored/>
  </testcase> <!-- verifyAirlineCreateViewExportAsEditFilter -->
  <testcase classname="com.master_module.MasterModuleTestScripts" name="verifyNavigateFunctionalityInAirlines" time="0.0">
    <ignored/>
  </testcase> <!-- verifyNavigateFunctionalityInAirlines -->
  <testcase classname="com.master_module.MasterModuleTestScripts" name="verifyCustomerViewExportAsEditFilter" time="0.0">
    <ignored/>
  </testcase> <!-- verifyCustomerViewExportAsEditFilter -->
  <testcase classname="com.master_module.MasterModuleTestScripts" name="verifyAdminLoginPage" time="0.0">
    <ignored/>
  </testcase> <!-- verifyAdminLoginPage -->
  <testcase classname="com.master_module.MasterModuleTestScripts" name="verifyBranchesCreateViewExportAsEditFilter" time="0.0">
    <ignored/>
  </testcase> <!-- verifyBranchesCreateViewExportAsEditFilter -->
  <testcase classname="com.master_module.MasterModuleTestScripts" name="verifyTaxTypeViewExportAsEditFilter" time="0.0">
    <ignored/>
  </testcase> <!-- verifyTaxTypeViewExportAsEditFilter -->
  <testcase classname="com.master_module.MasterModuleTestScripts" name="verifyNavigateFunctionalityInServiceTypeCard" time="0.0">
    <ignored/>
  </testcase> <!-- verifyNavigateFunctionalityInServiceTypeCard -->
  <testcase classname="com.master_module.MasterModuleTestScripts" name="verifyServiceTypeCreateViewExportAsEditFilter" time="0.0">
    <ignored/>
  </testcase> <!-- verifyServiceTypeCreateViewExportAsEditFilter -->
  <testcase classname="com.master_module.MasterModuleTestScripts" name="verifyNavigateFunctionalityInTaxTypeCard" time="0.0">
    <ignored/>
  </testcase> <!-- verifyNavigateFunctionalityInTaxTypeCard -->
  <testcase classname="com.master_module.MasterModuleTestScripts" name="verifyChargeTypeCreateViewExportAsEditFilter" time="0.0">
    <ignored/>
  </testcase> <!-- verifyChargeTypeCreateViewExportAsEditFilter -->
  <testcase classname="com.master_module.MasterModuleTestScripts" name="verifyTaxTypeCreate" time="0.0">
    <ignored/>
  </testcase> <!-- verifyTaxTypeCreate -->
</testsuite> <!-- Test -->
